<?xml version="1.0" encoding="UTF-8"?>
<!-- Generated by org.testng.reporters.JUnitReportReporter -->
<testsuite hostname="mgade-L440" name="com.deem.joltage.platformtests.test.RENightlySuiteTest" tests="85" failures="2" timestamp="20 Dec 2016 15:56:05 GMT" time="70.214" errors="0">
  <testcase name="reCarRentalMultSearchService" time="1.111" classname="com.deem.joltage.platformtests.test.RENightlySuiteTest"/>
  <testcase name="reCarRentalSolorSearchServiceTest" time="0.529" classname="com.deem.joltage.platformtests.test.RENightlySuiteTest"/>
  <testcase name="reCarRentalSolorSearchServiceTest" time="0.542" classname="com.deem.joltage.platformtests.test.RENightlySuiteTest"/>
  <testcase name="reHotelSearchServiceTest" time="1.331" classname="com.deem.joltage.platformtests.test.RENightlySuiteTest"/>
  <testcase name="reCarRentalMulty6SearchService" time="1.131" classname="com.deem.joltage.platformtests.test.RENightlySuiteTest"/>
  <testcase name="reCarRentalSolorSearchServiceTest" time="0.536" classname="com.deem.joltage.platformtests.test.RENightlySuiteTest"/>
  <testcase name="reCarRentalSolorSearchServiceTest" time="0.549" classname="com.deem.joltage.platformtests.test.RENightlySuiteTest"/>
  <testcase name="reTrainstationMultiSearchService" time="1.083" classname="com.deem.joltage.platformtests.test.RENightlySuiteTest"/>
  <testcase name="reTrainstationMultiSearchService" time="1.636" classname="com.deem.joltage.platformtests.test.RENightlySuiteTest"/>
  <testcase name="reCarRentalSolorSearchServiceTest" time="0.530" classname="com.deem.joltage.platformtests.test.RENightlySuiteTest"/>
  <testcase name="reCarRentalMultySearchService" time="0.817" classname="com.deem.joltage.platformtests.test.RENightlySuiteTest"/>
  <testcase name="reCarRentalMultSearchService" time="1.104" classname="com.deem.joltage.platformtests.test.RENightlySuiteTest"/>
  <testcase name="reLocationSearchService" time="0.584" classname="com.deem.joltage.platformtests.test.RENightlySuiteTest"/>
  <testcase name="reCarRentalSolorSearchServiceTest" time="0.523" classname="com.deem.joltage.platformtests.test.RENightlySuiteTest"/>
  <testcase name="reCarRentalMultSearchService" time="1.091" classname="com.deem.joltage.platformtests.test.RENightlySuiteTest"/>
  <testcase name="reContactsSolorSearchService" time="0.531" classname="com.deem.joltage.platformtests.test.RENightlySuiteTest"/>
  <testcase name="reContactsSolorSearchService" time="0.531" classname="com.deem.joltage.platformtests.test.RENightlySuiteTest"/>
  <testcase name="reCarRentalSolorSearchServiceTest" time="0.529" classname="com.deem.joltage.platformtests.test.RENightlySuiteTest"/>
  <testcase name="reContactsSearchService" time="0.681" classname="com.deem.joltage.platformtests.test.RENightlySuiteTest"/>
  <testcase name="reTrainstationSearchService" time="0.800" classname="com.deem.joltage.platformtests.test.RENightlySuiteTest"/>
  <testcase name="reHPTSingleResultSearchServiceTest" time="0.553" classname="com.deem.joltage.platformtests.test.RENightlySuiteTest"/>
  <testcase name="reCarRentalSolorSearchServiceTest" time="0.567" classname="com.deem.joltage.platformtests.test.RENightlySuiteTest"/>
  <testcase name="reCarRentalSolorSearchServiceTest" time="0.576" classname="com.deem.joltage.platformtests.test.RENightlySuiteTest"/>
  <testcase name="reHotelSingleResultSearchServiceTest" time="1.604" classname="com.deem.joltage.platformtests.test.RENightlySuiteTest"/>
  <testcase name="reCarRentalSolorSearchServiceTest" time="0.807" classname="com.deem.joltage.platformtests.test.RENightlySuiteTest"/>
  <testcase name="reCarRentalMulty6SearchService" time="1.129" classname="com.deem.joltage.platformtests.test.RENightlySuiteTest"/>
  <testcase name="reContactsSolorSearchService" time="0.545" classname="com.deem.joltage.platformtests.test.RENightlySuiteTest"/>
  <testcase name="reTrainstationMultiSearchService" time="1.052" classname="com.deem.joltage.platformtests.test.RENightlySuiteTest"/>
  <testcase name="reTrainstationSearchService" time="0.793" classname="com.deem.joltage.platformtests.test.RENightlySuiteTest"/>
  <testcase name="reCarRentalSolorSearchServiceTest" time="0.542" classname="com.deem.joltage.platformtests.test.RENightlySuiteTest"/>
  <testcase name="reCarRentalSolorSearchServiceTest" time="0.544" classname="com.deem.joltage.platformtests.test.RENightlySuiteTest"/>
  <testcase name="reHPTSingleResultSearchServiceTest" time="0.558" classname="com.deem.joltage.platformtests.test.RENightlySuiteTest"/>
  <testcase name="reHotelSearchServiceTest" time="1.338" classname="com.deem.joltage.platformtests.test.RENightlySuiteTest"/>
  <testcase name="reCarRentalSolorSearchServiceTest" time="0.540" classname="com.deem.joltage.platformtests.test.RENightlySuiteTest"/>
  <testcase name="reCarRentalSearchService" time="0.559" classname="com.deem.joltage.platformtests.test.RENightlySuiteTest"/>
  <testcase name="reContactsSolorSearchService" time="0.782" classname="com.deem.joltage.platformtests.test.RENightlySuiteTest"/>
  <testcase name="reCarRentalMultSearchService" time="1.043" classname="com.deem.joltage.platformtests.test.RENightlySuiteTest"/>
  <testcase name="reTrainstationSearchService" time="0.825" classname="com.deem.joltage.platformtests.test.RENightlySuiteTest"/>
  <testcase name="reHotelSingleResultSearchServiceTest" time="1.315" classname="com.deem.joltage.platformtests.test.RENightlySuiteTest"/>
  <testcase name="reTrainstationSearchService" time="0.810" classname="com.deem.joltage.platformtests.test.RENightlySuiteTest"/>
  <testcase name="reContactsSolorSearchService" time="0.516" classname="com.deem.joltage.platformtests.test.RENightlySuiteTest"/>
  <testcase name="reCarRentalSolorSearchServiceTest" time="0.554" classname="com.deem.joltage.platformtests.test.RENightlySuiteTest"/>
  <testcase name="reHPTSingleResultSearchServiceTest" time="0.545" classname="com.deem.joltage.platformtests.test.RENightlySuiteTest"/>
  <testcase name="reHotelSingleResultSearchServiceTest" time="1.357" classname="com.deem.joltage.platformtests.test.RENightlySuiteTest"/>
  <testcase name="reContactsSolorSearchService" time="0.546" classname="com.deem.joltage.platformtests.test.RENightlySuiteTest"/>
  <testcase name="reHotelPageResultSearchServiceTest" time="1.601" classname="com.deem.joltage.platformtests.test.RENightlySuiteTest"/>
  <testcase name="reContactsSolorSearchService" time="0.536" classname="com.deem.joltage.platformtests.test.RENightlySuiteTest"/>
  <testcase name="reTrainstationMultiSearchService" time="0.832" classname="com.deem.joltage.platformtests.test.RENightlySuiteTest"/>
  <testcase name="reCarRentalSolorSearchServiceTest" time="0.538" classname="com.deem.joltage.platformtests.test.RENightlySuiteTest"/>
  <testcase name="reCarRentalMultSearchService" time="1.089" classname="com.deem.joltage.platformtests.test.RENightlySuiteTest"/>
  <testcase name="reCarRentalSolorSearchServiceTest" time="0.535" classname="com.deem.joltage.platformtests.test.RENightlySuiteTest"/>
  <testcase name="reCarRentalSolorSearchServiceTest" time="0.531" classname="com.deem.joltage.platformtests.test.RENightlySuiteTest"/>
  <testcase name="reLocationSearchService" time="0.556" classname="com.deem.joltage.platformtests.test.RENightlySuiteTest"/>
  <testcase name="reCarRentalMultySearchService" time="0.839" classname="com.deem.joltage.platformtests.test.RENightlySuiteTest"/>
  <testcase name="reCarRentalSolorSearchServiceTest" time="0.534" classname="com.deem.joltage.platformtests.test.RENightlySuiteTest"/>
  <testcase name="reHotelSingleResultSearchServiceTest" time="1.355" classname="com.deem.joltage.platformtests.test.RENightlySuiteTest"/>
  <testcase name="reCarRentalMultSearchService" time="1.107" classname="com.deem.joltage.platformtests.test.RENightlySuiteTest">
    <failure type="java.lang.AssertionError" message="Group id should be same. expected [LcarRental_TCOS ANGELES] but found [LOS ANGELES]">
      <![CDATA[java.lang.AssertionError: Group id should be same. expected [LcarRental_TCOS ANGELES] but found [LOS ANGELES]
	at org.testng.Assert.fail(Assert.java:94)
	at org.testng.Assert.failNotEquals(Assert.java:496)
	at org.testng.Assert.assertEquals(Assert.java:125)
	at org.testng.Assert.assertEquals(Assert.java:178)
	at com.deem.joltage.platformtests.test.RENightlySuiteTest.reCarRentalMultSearchService(RENightlySuiteTest.java:926)
	at sun.reflect.NativeMethodAccessorImpl.invoke0(Native Method)
	at sun.reflect.NativeMethodAccessorImpl.invoke(NativeMethodAccessorImpl.java:57)
	at sun.reflect.DelegatingMethodAccessorImpl.invoke(DelegatingMethodAccessorImpl.java:43)
	at java.lang.reflect.Method.invoke(Method.java:606)
	at org.testng.internal.MethodInvocationHelper.invokeMethod(MethodInvocationHelper.java:85)
	at org.testng.internal.Invoker.invokeMethod(Invoker.java:639)
	at org.testng.internal.Invoker.invokeTestMethod(Invoker.java:816)
	at org.testng.internal.Invoker.invokeTestMethods(Invoker.java:1124)
	at org.testng.internal.TestMethodWorker.invokeTestMethods(TestMethodWorker.java:125)
	at org.testng.internal.TestMethodWorker.run(TestMethodWorker.java:108)
	at org.testng.TestRunner.privateRun(TestRunner.java:774)
	at org.testng.TestRunner.run(TestRunner.java:624)
	at org.testng.SuiteRunner.runTest(SuiteRunner.java:359)
	at org.testng.SuiteRunner.runSequentially(SuiteRunner.java:354)
	at org.testng.SuiteRunner.privateRun(SuiteRunner.java:312)
	at org.testng.SuiteRunner.run(SuiteRunner.java:261)
	at org.testng.SuiteRunnerWorker.runSuite(SuiteRunnerWorker.java:52)
	at org.testng.SuiteRunnerWorker.run(SuiteRunnerWorker.java:86)
	at org.testng.TestNG.runSuitesSequentially(TestNG.java:1191)
	at org.testng.TestNG.runSuitesLocally(TestNG.java:1116)
	at org.testng.TestNG.run(TestNG.java:1024)
	at org.apache.maven.surefire.testng.TestNGExecutor.run(TestNGExecutor.java:132)
	at org.apache.maven.surefire.testng.TestNGDirectoryTestSuite.executeMulti(TestNGDirectoryTestSuite.java:193)
	at org.apache.maven.surefire.testng.TestNGDirectoryTestSuite.execute(TestNGDirectoryTestSuite.java:94)
	at org.apache.maven.surefire.testng.TestNGProvider.invoke(TestNGProvider.java:147)
	at org.apache.maven.surefire.booter.ForkedBooter.invokeProviderInSameClassLoader(ForkedBooter.java:290)
	at org.apache.maven.surefire.booter.ForkedBooter.runSuitesInProcess(ForkedBooter.java:242)
	at org.apache.maven.surefire.booter.ForkedBooter.main(ForkedBooter.java:121)
]]>
    </failure>
  </testcase> <!-- reCarRentalMultSearchService -->
  <testcase name="reHotelPageResultSearchServiceTest" time="1.567" classname="com.deem.joltage.platformtests.test.RENightlySuiteTest"/>
  <testcase name="reCarRentalSolorSearchServiceTest" time="0.533" classname="com.deem.joltage.platformtests.test.RENightlySuiteTest"/>
  <testcase name="reContactsSolorSearchService" time="0.533" classname="com.deem.joltage.platformtests.test.RENightlySuiteTest"/>
  <testcase name="reCostAllcationSearchServiceTest" time="0.570" classname="com.deem.joltage.platformtests.test.RENightlySuiteTest">
    <failure type="java.lang.AssertionError" message="Address Line one should be same. expected [5.4725103] but found [5.4951925]">
      <![CDATA[java.lang.AssertionError: Address Line one should be same. expected [5.4725103] but found [5.4951925]
	at org.testng.Assert.fail(Assert.java:94)
	at org.testng.Assert.failNotEquals(Assert.java:496)
	at org.testng.Assert.assertEquals(Assert.java:125)
	at org.testng.Assert.assertEquals(Assert.java:178)
	at com.deem.joltage.platformtests.test.RENightlySuiteTest.reCostAllcationSearchServiceTest(RENightlySuiteTest.java:171)
	at sun.reflect.NativeMethodAccessorImpl.invoke0(Native Method)
	at sun.reflect.NativeMethodAccessorImpl.invoke(NativeMethodAccessorImpl.java:57)
	at sun.reflect.DelegatingMethodAccessorImpl.invoke(DelegatingMethodAccessorImpl.java:43)
	at java.lang.reflect.Method.invoke(Method.java:606)
	at org.testng.internal.MethodInvocationHelper.invokeMethod(MethodInvocationHelper.java:85)
	at org.testng.internal.Invoker.invokeMethod(Invoker.java:639)
	at org.testng.internal.Invoker.invokeTestMethod(Invoker.java:816)
	at org.testng.internal.Invoker.invokeTestMethods(Invoker.java:1124)
	at org.testng.internal.TestMethodWorker.invokeTestMethods(TestMethodWorker.java:125)
	at org.testng.internal.TestMethodWorker.run(TestMethodWorker.java:108)
	at org.testng.TestRunner.privateRun(TestRunner.java:774)
	at org.testng.TestRunner.run(TestRunner.java:624)
	at org.testng.SuiteRunner.runTest(SuiteRunner.java:359)
	at org.testng.SuiteRunner.runSequentially(SuiteRunner.java:354)
	at org.testng.SuiteRunner.privateRun(SuiteRunner.java:312)
	at org.testng.SuiteRunner.run(SuiteRunner.java:261)
	at org.testng.SuiteRunnerWorker.runSuite(SuiteRunnerWorker.java:52)
	at org.testng.SuiteRunnerWorker.run(SuiteRunnerWorker.java:86)
	at org.testng.TestNG.runSuitesSequentially(TestNG.java:1191)
	at org.testng.TestNG.runSuitesLocally(TestNG.java:1116)
	at org.testng.TestNG.run(TestNG.java:1024)
	at org.apache.maven.surefire.testng.TestNGExecutor.run(TestNGExecutor.java:132)
	at org.apache.maven.surefire.testng.TestNGDirectoryTestSuite.executeMulti(TestNGDirectoryTestSuite.java:193)
	at org.apache.maven.surefire.testng.TestNGDirectoryTestSuite.execute(TestNGDirectoryTestSuite.java:94)
	at org.apache.maven.surefire.testng.TestNGProvider.invoke(TestNGProvider.java:147)
	at org.apache.maven.surefire.booter.ForkedBooter.invokeProviderInSameClassLoader(ForkedBooter.java:290)
	at org.apache.maven.surefire.booter.ForkedBooter.runSuitesInProcess(ForkedBooter.java:242)
	at org.apache.maven.surefire.booter.ForkedBooter.main(ForkedBooter.java:121)
]]>
    </failure>
  </testcase> <!-- reCostAllcationSearchServiceTest -->
  <testcase name="reCarRentalSolorSearchServiceTest" time="0.535" classname="com.deem.joltage.platformtests.test.RENightlySuiteTest"/>
  <testcase name="reTrainstationMultiSearchService" time="0.798" classname="com.deem.joltage.platformtests.test.RENightlySuiteTest"/>
  <testcase name="reTrainstationMultiSearchService" time="1.058" classname="com.deem.joltage.platformtests.test.RENightlySuiteTest"/>
  <testcase name="reCarRentalSolorSearchServiceTest" time="0.545" classname="com.deem.joltage.platformtests.test.RENightlySuiteTest"/>
  <testcase name="reCarRentalMultSearchService" time="1.072" classname="com.deem.joltage.platformtests.test.RENightlySuiteTest"/>
  <testcase name="reCarRentalSolorSearchServiceTest" time="0.530" classname="com.deem.joltage.platformtests.test.RENightlySuiteTest"/>
  <testcase name="reHPTSingleResultSearchServiceTest" time="0.603" classname="com.deem.joltage.platformtests.test.RENightlySuiteTest"/>
  <testcase name="reCarRentalSolorSearchServiceTest" time="0.539" classname="com.deem.joltage.platformtests.test.RENightlySuiteTest"/>
  <testcase name="reCarRentalMultSearchService" time="1.062" classname="com.deem.joltage.platformtests.test.RENightlySuiteTest"/>
  <testcase name="reCarRentalSearchService" time="0.587" classname="com.deem.joltage.platformtests.test.RENightlySuiteTest"/>
  <testcase name="reContactsSolorSearchService" time="0.521" classname="com.deem.joltage.platformtests.test.RENightlySuiteTest"/>
  <testcase name="reCarRentalMultSearchService" time="1.480" classname="com.deem.joltage.platformtests.test.RENightlySuiteTest"/>
  <testcase name="reSearchServiceTest" time="0.910" classname="com.deem.joltage.platformtests.test.RENightlySuiteTest"/>
  <testcase name="reHotelSingleResultSearchServiceTest" time="1.387" classname="com.deem.joltage.platformtests.test.RENightlySuiteTest"/>
  <testcase name="reHotelSearchServiceTest" time="1.371" classname="com.deem.joltage.platformtests.test.RENightlySuiteTest"/>
  <testcase name="reContactsSolorSearchService" time="0.550" classname="com.deem.joltage.platformtests.test.RENightlySuiteTest"/>
  <testcase name="reCarRentalSolorSearchServiceTest" time="0.536" classname="com.deem.joltage.platformtests.test.RENightlySuiteTest"/>
  <testcase name="reTrainstationMultiSearchService" time="0.792" classname="com.deem.joltage.platformtests.test.RENightlySuiteTest"/>
  <testcase name="reCarRentalMultySearchService" time="0.819" classname="com.deem.joltage.platformtests.test.RENightlySuiteTest"/>
  <testcase name="reTrainstationSearchService" time="0.808" classname="com.deem.joltage.platformtests.test.RENightlySuiteTest"/>
  <testcase name="reTrainstationMultiSearchService" time="1.635" classname="com.deem.joltage.platformtests.test.RENightlySuiteTest"/>
  <testcase name="reCarRentalSolorSearchServiceTest" time="0.540" classname="com.deem.joltage.platformtests.test.RENightlySuiteTest"/>
  <testcase name="reCarRentalSolorSearchServiceTest" time="0.531" classname="com.deem.joltage.platformtests.test.RENightlySuiteTest"/>
  <testcase name="reTrainstationMultiSearchService" time="1.580" classname="com.deem.joltage.platformtests.test.RENightlySuiteTest"/>
</testsuite> <!-- com.deem.joltage.platformtests.test.RENightlySuiteTest -->
