<?xml version="1.0" encoding="UTF-8"?>
<!-- Generated by org.testng.reporters.JUnitReportReporter -->
<testsuite hostname="mgade-L440" name="com.deem.joltage.platformtests.test.REHotalSearchServiceTest" tests="4" failures="0" timestamp="30 Nov 2016 08:28:08 GMT" time="7.722" errors="0">
  <testcase name="reHotelSearchServiceTest" time="1.255" classname="com.deem.joltage.platformtests.test.REHotalSearchServiceTest"/>
  <testcase name="reHotelSearchServiceTest" time="1.546" classname="com.deem.joltage.platformtests.test.REHotalSearchServiceTest"/>
  <testcase name="reHotelSearchServiceTest" time="1.258" classname="com.deem.joltage.platformtests.test.REHotalSearchServiceTest"/>
  <testcase name="reHotelSearchServiceTest" time="3.663" classname="com.deem.joltage.platformtests.test.REHotalSearchServiceTest"/>
</testsuite> <!-- com.deem.joltage.platformtests.test.REHotalSearchServiceTest -->
