<?xml version="1.0" encoding="UTF-8"?>
<!-- Generated by org.testng.reporters.JUnitReportReporter -->
<testsuite name="com.digisight.platform.test.UserServiceTest" tests="8" time="22.603" ignored="0" failures="0" timestamp="30 Oct 2017 08:35:55 GMT" skipped="0" hostname="PRINHYLTPAP1022.local" errors="0">
  <testcase name="encounterListServiceTest" time="5.578" classname="com.digisight.platform.test.UserServiceTest"/>
  <testcase name="locationListServiceTest" time="1.175" classname="com.digisight.platform.test.UserServiceTest"/>
  <testcase name="getUserInfoServiceTest" time="1.337" classname="com.digisight.platform.test.UserServiceTest"/>
  <testcase name="getAuthorizationServiceTest" time="1.618" classname="com.digisight.platform.test.UserServiceTest"/>
  <testcase name="physiciansListServiceTest" time="1.393" classname="com.digisight.platform.test.UserServiceTest"/>
  <testcase name="patientListServiceTest" time="6.360" classname="com.digisight.platform.test.UserServiceTest"/>
  <testcase name="practicesListServiceTest" time="3.714" classname="com.digisight.platform.test.UserServiceTest"/>
  <testcase name="filterLocationslistServiceTest" time="1.428" classname="com.digisight.platform.test.UserServiceTest"/>
</testsuite> <!-- com.digisight.platform.test.UserServiceTest -->
