<?xml version="1.0" encoding="UTF-8"?>
<!-- Generated by org.testng.reporters.JUnitReportReporter -->
<testsuite name="com.digisight.platform.test.EHRTest" tests="1" time="6.747" ignored="0" failures="0" timestamp="30 Oct 2017 08:35:55 GMT" skipped="0" hostname="PRINHYLTPAP1022.local" errors="0">
  <testcase name="ehrTest" time="6.747" classname="com.digisight.platform.test.EHRTest"/>
</testsuite> <!-- com.digisight.platform.test.EHRTest -->
